<?xml version="1.0" encoding="UTF-8"?>
<testng-results ignored="0" total="2" passed="2" failed="0" skipped="0">
  <reporter-output>
  </reporter-output>
  <suite started-at="2024-12-13T13:51:52 GST" name="CrossBrowserTestSuite" finished-at="2024-12-13T13:51:59 GST" duration-ms="6675">
    <groups>
    </groups>
    <test started-at="2024-12-13T13:51:52 GST" name="ChromeTest" finished-at="2024-12-13T13:51:55 GST" duration-ms="3048">
      <class name="crossbrowserpack.CrossbrowserUsing_TestNG">
        <test-method is-config="true" signature="beforeMethod(java.lang.String)[pri:0, instance:crossbrowserpack.CrossbrowserUsing_TestNG@35d019a3]" started-at="2024-12-13T13:51:52 GST" name="beforeMethod" finished-at="2024-12-13T13:51:53 GST" duration-ms="1068" status="PASS">
          <params>
            <param index="0">
              <value>
                <![CDATA[chrome]]>
              </value>
            </param>
          </params>
          <reporter-output>
          </reporter-output>
        </test-method> <!-- beforeMethod -->
        <test-method signature="f()[pri:0, instance:crossbrowserpack.CrossbrowserUsing_TestNG@35d019a3]" started-at="2024-12-13T13:51:53 GST" name="f" finished-at="2024-12-13T13:51:55 GST" duration-ms="1730" status="PASS">
          <reporter-output>
          </reporter-output>
        </test-method> <!-- f -->
        <test-method is-config="true" signature="afterMethod()[pri:0, instance:crossbrowserpack.CrossbrowserUsing_TestNG@35d019a3]" started-at="2024-12-13T13:51:55 GST" name="afterMethod" finished-at="2024-12-13T13:51:55 GST" duration-ms="220" status="PASS">
          <reporter-output>
          </reporter-output>
        </test-method> <!-- afterMethod -->
      </class> <!-- crossbrowserpack.CrossbrowserUsing_TestNG -->
    </test> <!-- ChromeTest -->
    <test started-at="2024-12-13T13:51:55 GST" name="EdgeTest" finished-at="2024-12-13T13:51:59 GST" duration-ms="3584">
      <class name="crossbrowserpack.CrossbrowserUsing_TestNG">
        <test-method is-config="true" signature="beforeMethod(java.lang.String)[pri:0, instance:crossbrowserpack.CrossbrowserUsing_TestNG@7e6f74c]" started-at="2024-12-13T13:51:55 GST" name="beforeMethod" finished-at="2024-12-13T13:51:56 GST" duration-ms="623" status="PASS">
          <params>
            <param index="0">
              <value>
                <![CDATA[edge]]>
              </value>
            </param>
          </params>
          <reporter-output>
          </reporter-output>
        </test-method> <!-- beforeMethod -->
        <test-method signature="f()[pri:0, instance:crossbrowserpack.CrossbrowserUsing_TestNG@7e6f74c]" started-at="2024-12-13T13:51:56 GST" name="f" finished-at="2024-12-13T13:51:58 GST" duration-ms="1709" status="PASS">
          <reporter-output>
          </reporter-output>
        </test-method> <!-- f -->
        <test-method is-config="true" signature="afterMethod()[pri:0, instance:crossbrowserpack.CrossbrowserUsing_TestNG@7e6f74c]" started-at="2024-12-13T13:51:58 GST" name="afterMethod" finished-at="2024-12-13T13:51:59 GST" duration-ms="1248" status="PASS">
          <reporter-output>
          </reporter-output>
        </test-method> <!-- afterMethod -->
      </class> <!-- crossbrowserpack.CrossbrowserUsing_TestNG -->
    </test> <!-- EdgeTest -->
  </suite> <!-- CrossBrowserTestSuite -->
</testng-results>
